<?xml version="1.0" encoding="UTF-8"?>
<!-- Generated by org.testng.reporters.JUnitReportReporter -->
<testsuite hostname="DESKTOP-TNM7DN2" failures="0" tests="1" name="EMP.TC002_Get_Single_Emp_Data" time="1.076" errors="0" timestamp="2022-10-06T09:36:54 IST" skipped="0">
  <testcase classname="EMP.TC002_Get_Single_Emp_Data" name="CheckName" time="1.076"/>
  <system-out/>
</testsuite> <!-- EMP.TC002_Get_Single_Emp_Data -->
