<?xml version="1.0" encoding="UTF-8"?>
<!-- Generated by org.testng.reporters.JUnitReportReporter -->
<testsuite hostname="DESKTOP-TNM7DN2" failures="0" tests="5" name="EMP.GetAllEmpData" time="0.077" errors="0" timestamp="2022-10-04T18:23:29 IST" skipped="0">
  <testcase classname="EMP.GetAllEmpData" name="CheckResponceTime" time="0.016"/>
  <system-out/>
  <testcase classname="EMP.GetAllEmpData" name="CheckResponseBody" time="0.047"/>
  <system-out/>
  <testcase classname="EMP.GetAllEmpData" name="CheckStatusLine" time="0.005"/>
  <system-out/>
  <testcase classname="EMP.GetAllEmpData" name="ContentType" time="0.004"/>
  <system-out/>
  <testcase classname="EMP.GetAllEmpData" name="CheckStatusCode" time="0.005"/>
  <system-out/>
</testsuite> <!-- EMP.GetAllEmpData -->
