<?xml version="1.0" encoding="UTF-8"?>
<!-- Generated by org.testng.reporters.JUnitReportReporter -->
<testsuite hostname="DESKTOP-TNM7DN2" failures="0" tests="4" name="EMP.TC003_Post_New_Emp_Data" time="0.052" errors="0" timestamp="2022-10-06T15:01:35 IST" skipped="0">
  <testcase classname="EMP.TC003_Post_New_Emp_Data" name="checkStatusLine" time="0.003"/>
  <system-out/>
  <testcase classname="EMP.TC003_Post_New_Emp_Data" name="checkStatusCode" time="0.004"/>
  <system-out/>
  <testcase classname="EMP.TC003_Post_New_Emp_Data" name="checkContentType" time="0.022"/>
  <system-out/>
  <testcase classname="EMP.TC003_Post_New_Emp_Data" name="checkEmpData" time="0.023"/>
  <system-out/>
</testsuite> <!-- EMP.TC003_Post_New_Emp_Data -->
